C:\Users\Miguel Bonansea\Documents\GitHub\fonline_aftertimes_s2_server_tools (1)\Server\extensions\MapperUtils\Release\cl.command.1.tlog
C:\Users\Miguel Bonansea\Documents\GitHub\fonline_aftertimes_s2_server_tools (1)\Server\extensions\MapperUtils\Release\CL.read.1.tlog
C:\Users\Miguel Bonansea\Documents\GitHub\fonline_aftertimes_s2_server_tools (1)\Server\extensions\MapperUtils\Release\CL.write.1.tlog
C:\Users\Miguel Bonansea\Documents\GitHub\fonline_aftertimes_s2_server_tools (1)\Server\extensions\MapperUtils\Release\link.command.1.tlog
C:\Users\Miguel Bonansea\Documents\GitHub\fonline_aftertimes_s2_server_tools (1)\Server\extensions\MapperUtils\Release\link.read.1.tlog
C:\Users\Miguel Bonansea\Documents\GitHub\fonline_aftertimes_s2_server_tools (1)\Server\extensions\MapperUtils\Release\link.write.1.tlog
C:\USERS\MIGUEL BONANSEA\DOCUMENTS\GITHUB\FONLINE_AFTERTIMES_S2_SERVER_TOOLS (1)\SERVER\EXTENSIONS\MAPPERUTILS\RELEASE\MAPPERUTILS.DLL.INTERMEDIATE.MANIFEST
C:\USERS\MIGUEL BONANSEA\DOCUMENTS\GITHUB\FONLINE_AFTERTIMES_S2_SERVER_TOOLS (1)\SERVER\EXTENSIONS\MAPPERUTILS\RELEASE\MAPPERUTILS.OBJ
C:\Users\Miguel Bonansea\Documents\GitHub\fonline_aftertimes_s2_server_tools (1)\Server\extensions\MapperUtils\Release\MapperUtils.vcxprojResolveAssemblyReference.cache
C:\Users\Miguel Bonansea\Documents\GitHub\fonline_aftertimes_s2_server_tools (1)\Server\extensions\MapperUtils\Release\MapperUtils.write.1.tlog
C:\Users\Miguel Bonansea\Documents\GitHub\fonline_aftertimes_s2_server_tools (1)\Server\extensions\MapperUtils\Release\mt.command.1.tlog
C:\Users\Miguel Bonansea\Documents\GitHub\fonline_aftertimes_s2_server_tools (1)\Server\extensions\MapperUtils\Release\mt.read.1.tlog
C:\Users\Miguel Bonansea\Documents\GitHub\fonline_aftertimes_s2_server_tools (1)\Server\extensions\MapperUtils\Release\mt.write.1.tlog
C:\USERS\MIGUEL BONANSEA\DOCUMENTS\GITHUB\FONLINE_AFTERTIMES_S2_SERVER_TOOLS (1)\SERVER\EXTENSIONS\MAPPERUTILS\RELEASE\VC100.PDB
C:\USERS\MIGUEL BONANSEA\DOCUMENTS\GITHUB\FONLINE_AFTERTIMES_S2_SERVER_TOOLS (1)\SERVER\EXTENSIONS\RELEASE\MAPPERUTILS.DLL
C:\Users\Miguel Bonansea\Documents\GitHub\fonline_aftertimes_s2_server_tools (1)\Server\extensions\Release\MapperUtils.exp
C:\Users\Miguel Bonansea\Documents\GitHub\fonline_aftertimes_s2_server_tools (1)\Server\extensions\Release\MapperUtils.lib
C:\USERS\MIGUEL BONANSEA\DOCUMENTS\GITHUB\FONLINE_AFTERTIMES_S2_SERVER_TOOLS (1)\SERVER\EXTENSIONS\RELEASE\MAPPERUTILS.PDB
D:\DESCARGA\FONLINE_AFTERTIMES_S2_SERVER_TOOLS\SERVER\EXTENSIONS\MAPPERUTILS\RELEASE\MAPPERUTILS.DLL.INTERMEDIATE.MANIFEST
D:\DESCARGA\FONLINE_AFTERTIMES_S2_SERVER_TOOLS\SERVER\EXTENSIONS\MAPPERUTILS\RELEASE\MAPPERUTILS.OBJ
D:\DESCARGA\FONLINE_AFTERTIMES_S2_SERVER_TOOLS\SERVER\EXTENSIONS\MAPPERUTILS\RELEASE\VC100.PDB
D:\DESCARGA\FONLINE_AFTERTIMES_S2_SERVER_TOOLS\SERVER\EXTENSIONS\RELEASE\MAPPERUTILS.DLL
D:\Descarga\fonline_aftertimes_s2_server_tools\Server\extensions\Release\MapperUtils.exp
D:\Descarga\fonline_aftertimes_s2_server_tools\Server\extensions\Release\MapperUtils.lib
D:\DESCARGA\FONLINE_AFTERTIMES_S2_SERVER_TOOLS\SERVER\EXTENSIONS\RELEASE\MAPPERUTILS.PDB
