C:\USERS\MIGUEL BONANSEA\DOCUMENTS\GITHUB\FONLINE_AFTERTIMES_S2_SERVER_TOOLS (1)\SERVER\EXTENSIONS\CHECK_LOOK\RELEASE\CHECK_LOOK.DLL.INTERMEDIATE.MANIFEST
C:\USERS\MIGUEL BONANSEA\DOCUMENTS\GITHUB\FONLINE_AFTERTIMES_S2_SERVER_TOOLS (1)\SERVER\EXTENSIONS\CHECK_LOOK\RELEASE\CHECK_LOOK.OBJ
C:\Users\Miguel Bonansea\Documents\GitHub\fonline_aftertimes_s2_server_tools (1)\Server\extensions\check_look\Release\check_look.vcxprojResolveAssemblyReference.cache
C:\Users\Miguel Bonansea\Documents\GitHub\fonline_aftertimes_s2_server_tools (1)\Server\extensions\check_look\Release\check_look.write.1.tlog
C:\Users\Miguel Bonansea\Documents\GitHub\fonline_aftertimes_s2_server_tools (1)\Server\extensions\check_look\Release\cl.command.1.tlog
C:\Users\Miguel Bonansea\Documents\GitHub\fonline_aftertimes_s2_server_tools (1)\Server\extensions\check_look\Release\CL.read.1.tlog
C:\Users\Miguel Bonansea\Documents\GitHub\fonline_aftertimes_s2_server_tools (1)\Server\extensions\check_look\Release\CL.write.1.tlog
C:\Users\Miguel Bonansea\Documents\GitHub\fonline_aftertimes_s2_server_tools (1)\Server\extensions\check_look\Release\link.command.1.tlog
C:\Users\Miguel Bonansea\Documents\GitHub\fonline_aftertimes_s2_server_tools (1)\Server\extensions\check_look\Release\link.read.1.tlog
C:\Users\Miguel Bonansea\Documents\GitHub\fonline_aftertimes_s2_server_tools (1)\Server\extensions\check_look\Release\link.write.1.tlog
C:\USERS\MIGUEL BONANSEA\DOCUMENTS\GITHUB\FONLINE_AFTERTIMES_S2_SERVER_TOOLS (1)\SERVER\EXTENSIONS\CHECK_LOOK\RELEASE\LOOKUP.OBJ
C:\Users\Miguel Bonansea\Documents\GitHub\fonline_aftertimes_s2_server_tools (1)\Server\extensions\check_look\Release\mt.command.1.tlog
C:\Users\Miguel Bonansea\Documents\GitHub\fonline_aftertimes_s2_server_tools (1)\Server\extensions\check_look\Release\mt.read.1.tlog
C:\Users\Miguel Bonansea\Documents\GitHub\fonline_aftertimes_s2_server_tools (1)\Server\extensions\check_look\Release\mt.write.1.tlog
C:\USERS\MIGUEL BONANSEA\DOCUMENTS\GITHUB\FONLINE_AFTERTIMES_S2_SERVER_TOOLS (1)\SERVER\EXTENSIONS\CHECK_LOOK\RELEASE\VC100.PDB
C:\USERS\MIGUEL BONANSEA\DOCUMENTS\GITHUB\FONLINE_AFTERTIMES_S2_SERVER_TOOLS (1)\SERVER\EXTENSIONS\CHECK_LOOK\RELEASE\WALKING.OBJ
C:\USERS\MIGUEL BONANSEA\DOCUMENTS\GITHUB\FONLINE_AFTERTIMES_S2_SERVER_TOOLS (1)\SERVER\EXTENSIONS\CHECK_LOOK\RELEASE\WALLDIST.OBJ
C:\USERS\MIGUEL BONANSEA\DOCUMENTS\GITHUB\FONLINE_AFTERTIMES_S2_SERVER_TOOLS (1)\SERVER\EXTENSIONS\RELEASE\CHECK_LOOK.DLL
C:\Users\Miguel Bonansea\Documents\GitHub\fonline_aftertimes_s2_server_tools (1)\Server\extensions\Release\check_look.exp
C:\Users\Miguel Bonansea\Documents\GitHub\fonline_aftertimes_s2_server_tools (1)\Server\extensions\Release\check_look.lib
C:\USERS\MIGUEL BONANSEA\DOCUMENTS\GITHUB\FONLINE_AFTERTIMES_S2_SERVER_TOOLS (1)\SERVER\EXTENSIONS\RELEASE\CHECK_LOOK.PDB
D:\DESCARGA\FONLINE_AFTERTIMES_S2_SERVER_TOOLS\SERVER\EXTENSIONS\CHECK_LOOK\RELEASE\CHECK_LOOK.DLL.INTERMEDIATE.MANIFEST
D:\DESCARGA\FONLINE_AFTERTIMES_S2_SERVER_TOOLS\SERVER\EXTENSIONS\CHECK_LOOK\RELEASE\CHECK_LOOK.OBJ
D:\DESCARGA\FONLINE_AFTERTIMES_S2_SERVER_TOOLS\SERVER\EXTENSIONS\CHECK_LOOK\RELEASE\LOOKUP.OBJ
D:\DESCARGA\FONLINE_AFTERTIMES_S2_SERVER_TOOLS\SERVER\EXTENSIONS\CHECK_LOOK\RELEASE\VC100.PDB
D:\DESCARGA\FONLINE_AFTERTIMES_S2_SERVER_TOOLS\SERVER\EXTENSIONS\CHECK_LOOK\RELEASE\WALKING.OBJ
D:\DESCARGA\FONLINE_AFTERTIMES_S2_SERVER_TOOLS\SERVER\EXTENSIONS\CHECK_LOOK\RELEASE\WALLDIST.OBJ
D:\DESCARGA\FONLINE_AFTERTIMES_S2_SERVER_TOOLS\SERVER\EXTENSIONS\RELEASE\CHECK_LOOK.DLL
D:\Descarga\fonline_aftertimes_s2_server_tools\Server\extensions\Release\check_look.exp
D:\Descarga\fonline_aftertimes_s2_server_tools\Server\extensions\Release\check_look.lib
D:\DESCARGA\FONLINE_AFTERTIMES_S2_SERVER_TOOLS\SERVER\EXTENSIONS\RELEASE\CHECK_LOOK.PDB
