C:\Users\Miguel Bonansea\Documents\GitHub\fonline_aftertimes_s2_server_tools (1)\Server\extensions\parameters\Release\cl.command.1.tlog
C:\Users\Miguel Bonansea\Documents\GitHub\fonline_aftertimes_s2_server_tools (1)\Server\extensions\parameters\Release\CL.read.1.tlog
C:\Users\Miguel Bonansea\Documents\GitHub\fonline_aftertimes_s2_server_tools (1)\Server\extensions\parameters\Release\CL.write.1.tlog
C:\Users\Miguel Bonansea\Documents\GitHub\fonline_aftertimes_s2_server_tools (1)\Server\extensions\parameters\Release\link.command.1.tlog
C:\Users\Miguel Bonansea\Documents\GitHub\fonline_aftertimes_s2_server_tools (1)\Server\extensions\parameters\Release\link.read.1.tlog
C:\Users\Miguel Bonansea\Documents\GitHub\fonline_aftertimes_s2_server_tools (1)\Server\extensions\parameters\Release\link.write.1.tlog
C:\Users\Miguel Bonansea\Documents\GitHub\fonline_aftertimes_s2_server_tools (1)\Server\extensions\parameters\Release\mt.command.1.tlog
C:\Users\Miguel Bonansea\Documents\GitHub\fonline_aftertimes_s2_server_tools (1)\Server\extensions\parameters\Release\mt.read.1.tlog
C:\Users\Miguel Bonansea\Documents\GitHub\fonline_aftertimes_s2_server_tools (1)\Server\extensions\parameters\Release\mt.write.1.tlog
C:\USERS\MIGUEL BONANSEA\DOCUMENTS\GITHUB\FONLINE_AFTERTIMES_S2_SERVER_TOOLS (1)\SERVER\EXTENSIONS\PARAMETERS\RELEASE\PARAMETERS.DLL.INTERMEDIATE.MANIFEST
C:\USERS\MIGUEL BONANSEA\DOCUMENTS\GITHUB\FONLINE_AFTERTIMES_S2_SERVER_TOOLS (1)\SERVER\EXTENSIONS\PARAMETERS\RELEASE\PARAMETERS.OBJ
C:\Users\Miguel Bonansea\Documents\GitHub\fonline_aftertimes_s2_server_tools (1)\Server\extensions\parameters\Release\parameters.vcxprojResolveAssemblyReference.cache
C:\Users\Miguel Bonansea\Documents\GitHub\fonline_aftertimes_s2_server_tools (1)\Server\extensions\parameters\Release\parameters.write.1.tlog
C:\USERS\MIGUEL BONANSEA\DOCUMENTS\GITHUB\FONLINE_AFTERTIMES_S2_SERVER_TOOLS (1)\SERVER\EXTENSIONS\PARAMETERS\RELEASE\VC100.PDB
C:\USERS\MIGUEL BONANSEA\DOCUMENTS\GITHUB\FONLINE_AFTERTIMES_S2_SERVER_TOOLS (1)\SERVER\EXTENSIONS\RELEASE\PARAMETERS.DLL
C:\Users\Miguel Bonansea\Documents\GitHub\fonline_aftertimes_s2_server_tools (1)\Server\extensions\Release\parameters.exp
C:\Users\Miguel Bonansea\Documents\GitHub\fonline_aftertimes_s2_server_tools (1)\Server\extensions\Release\parameters.lib
C:\USERS\MIGUEL BONANSEA\DOCUMENTS\GITHUB\FONLINE_AFTERTIMES_S2_SERVER_TOOLS (1)\SERVER\EXTENSIONS\RELEASE\PARAMETERS.PDB
D:\DESCARGA\FONLINE_AFTERTIMES_S2_SERVER_TOOLS\SERVER\EXTENSIONS\PARAMETERS\RELEASE\PARAMETERS.DLL.INTERMEDIATE.MANIFEST
D:\DESCARGA\FONLINE_AFTERTIMES_S2_SERVER_TOOLS\SERVER\EXTENSIONS\PARAMETERS\RELEASE\PARAMETERS.OBJ
D:\DESCARGA\FONLINE_AFTERTIMES_S2_SERVER_TOOLS\SERVER\EXTENSIONS\PARAMETERS\RELEASE\VC100.PDB
D:\DESCARGA\FONLINE_AFTERTIMES_S2_SERVER_TOOLS\SERVER\EXTENSIONS\RELEASE\PARAMETERS.DLL
D:\Descarga\fonline_aftertimes_s2_server_tools\Server\extensions\Release\parameters.exp
D:\Descarga\fonline_aftertimes_s2_server_tools\Server\extensions\Release\parameters.lib
D:\DESCARGA\FONLINE_AFTERTIMES_S2_SERVER_TOOLS\SERVER\EXTENSIONS\RELEASE\PARAMETERS.PDB
