Build started 6/2/2022 03:16:44.
     1>Project "C:\Users\Miguel Bonansea\Documents\GitHub\fonline_aftertimes_s2_server_tools (1)\Server\extensions\Utils\Utils.vcxproj" on node 3 (build target(s)).
     1>InitializeBuildStatus:
         Touching "Release\Utils.unsuccessfulbuild".
       ClCompile:
         C:\Program Files (x86)\Microsoft Visual Studio 10.0\VC\bin\CL.exe /c /I..\3rdParty\StlPort /I"C:\Users\Miguel Bonansea\Documents\GitHub\fonline_aftertimes_s2_server_tools (1)\Server\extensions\\3rdParty\angelscript\include" /I"C:\Users\Miguel Bonansea\Documents\GitHub\fonline_aftertimes_s2_server_tools (1)\Server\extensions\\3rdParty\angelscript\include" /I"C:\Users\Miguel Bonansea\Documents\GitHub\fonline_aftertimes_s2_server_tools (1)\Server\extensions\\3rdParty\angelscript\add_on" /nologo /W3 /WX- /O2 /Oi /Oy- /D __SERVER /D _USRDLL /D UTILS_EXPORTS /D _WINDLL /D _UNICODE /D UNICODE /Gm- /EHsc /MT /GS /Gy /fp:precise /Zc:wchar_t /Zc:forScope /Fo"Release\\" /Fd"Release\vc100.pdb" /Gd /TP /analyze- /errorReport:prompt ..\buffer_lazy\buffer_lazy.cpp AngelScript.cpp ExtEvents.cpp NoobServer.cpp ProtoMapEx.cpp Utils.cpp
         buffer_lazy.cpp
     1>c:\users\miguel bonansea\documents\github\fonline_aftertimes_s2_server_tools (1)\server\extensions\fonline.h(1961): error C2118: negative subscript
         compiled as server
         AngelScript.cpp
     1>c:\users\miguel bonansea\documents\github\fonline_aftertimes_s2_server_tools (1)\server\extensions\fonline.h(1961): error C2118: negative subscript
         compiled as server
         ExtEvents.cpp
     1>c:\users\miguel bonansea\documents\github\fonline_aftertimes_s2_server_tools (1)\server\extensions\fonline.h(1961): error C2118: negative subscript
         compiled as server
         NoobServer.cpp
     1>c:\users\miguel bonansea\documents\github\fonline_aftertimes_s2_server_tools (1)\server\extensions\fonline.h(1961): error C2118: negative subscript
         compiled as server
         ProtoMapEx.cpp
     1>c:\users\miguel bonansea\documents\github\fonline_aftertimes_s2_server_tools (1)\server\extensions\fonline.h(1961): error C2118: negative subscript
         compiled as server
         Utils.cpp
     1>c:\users\miguel bonansea\documents\github\fonline_aftertimes_s2_server_tools (1)\server\extensions\fonline.h(1961): error C2118: negative subscript
         compiled as server
         Generating Code...
     1>Done Building Project "C:\Users\Miguel Bonansea\Documents\GitHub\fonline_aftertimes_s2_server_tools (1)\Server\extensions\Utils\Utils.vcxproj" (build target(s)) -- FAILED.

Build FAILED.

Time Elapsed 00:00:02.46
